┌───────────────────────────────────────────────┐
│  === BACKUP STARTED: 2025-04-24 00:00:00 ===  │
│ === BACKUP COMPLETED: 2025-04-24 00:00:29 === │
│              TimeSpent: 00:00:29              │
└───────────────────────────────────────────────┘

┌───────────────────────────────────────────────┐
│  === BACKUP STARTED: 2025-04-23 00:00:01 ===  │
│ === BACKUP COMPLETED: 2025-04-23 00:00:30 === │
│              TimeSpent: 00:00:29              │
└───────────────────────────────────────────────┘

┌───────────────────────────────────────────────┐
│  === BACKUP STARTED: 2025-04-22 00:00:01 ===  │
│ === BACKUP COMPLETED: 2025-04-22 00:00:28 === │
│              TimeSpent: 00:00:27              │
└───────────────────────────────────────────────┘

┌───────────────────────────────────────────────┐
│  === BACKUP STARTED: 2025-04-21 16:13:42 ===  │
│ === BACKUP COMPLETED: 2025-04-21 16:14:10 === │
│              TimeSpent: 00:00:28              │
└───────────────────────────────────────────────┘

┌───────────────────────────────────────────────┐
│  === BACKUP STARTED: 2025-04-12 22:40:09 ===  │
│ === BACKUP COMPLETED: 2025-04-12 22:41:15 === │
│              TimeSpent: 00:01:06              │
└───────────────────────────────────────────────┘
